2023-04-04 17:31:50,073 [INFO] Activator:176 - 


2023-04-04 17:31:50,088 [INFO] Activator:177 - !SESSION log4j initialized
2023-04-04 17:31:59,663 [INFO] ApplicationProperties:184 - Using Application install path: C:\ST\STM32CubeIDE_1.12.0\STM32CubeIDE\plugins\com.st.stm32cube.common.mx_6.8.0.202302231600
2023-04-04 17:31:59,711 [INFO] DbMcusXml:78 - Set database path to: C:\ST\STM32CubeIDE_1.12.0\STM32CubeIDE\plugins\com.st.stm32cube.common.mx_6.8.0.202302231600\\db\/mcu/
2023-04-04 17:31:59,712 [INFO] ApiDb:274 - Set plugin database path to: C:\ST\STM32CubeIDE_1.12.0\STM32CubeIDE\plugins\com.st.stm32cube.common.mx_6.8.0.202302231600\\db\/plugins/boardmanager/
2023-04-04 17:31:59,724 [WARN] ApiDb:259 - Overriding images path with different value:  => C:\ST\STM32CubeIDE_1.12.0\STM32CubeIDE\plugins\com.st.stm32cube.common.mx_6.8.0.202302231600\\db\/plugins/mcufinder/images/
2023-04-04 17:32:02,784 [WARN] ApiFinderProperties:113 - C:\Users\hr193\.stmcufinder\plugins\mcufinder\mcu\mcuFinder.mfd doesn't exist
2023-04-04 17:32:02,788 [INFO] ApiDb:250 - Set database path to: C:\Users\hr193\.stmcufinder\plugins\mcufinder//mcu/
2023-04-04 17:32:02,790 [INFO] DbMcusAds:125 - Set database path to: C:\Users\hr193\.stmcufinder\plugins\mcufinder//mcu/
2023-04-04 17:32:02,842 [INFO] CrossReferenceDbSqlite:203 - Set database path to: C:\Users\hr193\.stmcufinder\plugins\mcufinder//mcu/cs/
2023-04-04 17:32:03,051 [INFO] RulesReader:64 - Compatibility file has been processed (293 Rules)
2023-04-04 17:32:03,438 [INFO] DbMcusXml:78 - Set database path to: C:\ST\STM32CubeIDE_1.12.0\STM32CubeIDE\plugins\com.st.stm32cube.common.mx_6.8.0.202302231600\\db\/mcu/
2023-04-04 17:32:03,439 [INFO] ApiDb:274 - Set plugin database path to: C:\ST\STM32CubeIDE_1.12.0\STM32CubeIDE\plugins\com.st.stm32cube.common.mx_6.8.0.202302231600\\db\/plugins/boardmanager/
2023-04-04 17:32:03,439 [INFO] ApiDb:261 - Set plugin images path to: C:\ST\STM32CubeIDE_1.12.0\STM32CubeIDE\plugins\com.st.stm32cube.common.mx_6.8.0.202302231600\\db\/plugins/mcufinder/images/
2023-04-04 17:32:03,440 [WARN] DbFile:41 - Overriding database path with different value: C:\Users\hr193\.stmcufinder\plugins\mcufinder/ => C:\Users\hr193\.stmcufinder\plugins\mcufinder
2023-04-04 17:32:03,440 [INFO] ApiDb:250 - Set database path to: C:\Users\hr193\.stmcufinder\plugins\mcufinder//mcu/
2023-04-04 17:32:03,440 [WARN] DbFile:41 - Overriding database path with different value: C:\Users\hr193\.stmcufinder\plugins\mcufinder/ => C:\Users\hr193\.stmcufinder\plugins\mcufinder
2023-04-04 17:32:03,441 [INFO] DbMcusAds:125 - Set database path to: C:\Users\hr193\.stmcufinder\plugins\mcufinder//mcu/
2023-04-04 17:32:03,441 [WARN] DbFile:41 - Overriding database path with different value: C:\Users\hr193\.stmcufinder\plugins\mcufinder/ => C:\Users\hr193\.stmcufinder\plugins\mcufinder
2023-04-04 17:32:03,441 [WARN] DbFile:41 - Overriding database path with different value: C:\Users\hr193\.stmcufinder\plugins\mcufinder/ => C:\Users\hr193\.stmcufinder\plugins\mcufinder
2023-04-04 17:32:03,442 [INFO] CrossReferenceDbSqlite:203 - Set database path to: C:\Users\hr193\.stmcufinder\plugins\mcufinder//mcu/cs/
2023-04-04 17:32:03,597 [INFO] MainPanel:253 - HeapMemory: 268435456
2023-04-04 17:32:03,827 [INFO] DbMcusXml:78 - Set database path to: C:\ST\STM32CubeIDE_1.12.0\STM32CubeIDE\plugins\com.st.stm32cube.common.mx_6.8.0.202302231600\\db\/mcu/
2023-04-04 17:32:03,827 [INFO] ApiDb:274 - Set plugin database path to: C:\ST\STM32CubeIDE_1.12.0\STM32CubeIDE\plugins\com.st.stm32cube.common.mx_6.8.0.202302231600\\db\/plugins/boardmanager/
2023-04-04 17:32:03,827 [INFO] ApiDb:261 - Set plugin images path to: C:\ST\STM32CubeIDE_1.12.0\STM32CubeIDE\plugins\com.st.stm32cube.common.mx_6.8.0.202302231600\\db\/plugins/mcufinder/images/
2023-04-04 17:32:03,828 [WARN] DbFile:41 - Overriding database path with different value: C:\Users\hr193\.stmcufinder\plugins\mcufinder/ => C:\Users\hr193\.stmcufinder\plugins\mcufinder
2023-04-04 17:32:03,828 [INFO] ApiDb:250 - Set database path to: C:\Users\hr193\.stmcufinder\plugins\mcufinder//mcu/
2023-04-04 17:32:03,828 [WARN] DbFile:41 - Overriding database path with different value: C:\Users\hr193\.stmcufinder\plugins\mcufinder/ => C:\Users\hr193\.stmcufinder\plugins\mcufinder
2023-04-04 17:32:03,829 [INFO] DbMcusAds:125 - Set database path to: C:\Users\hr193\.stmcufinder\plugins\mcufinder//mcu/
2023-04-04 17:32:03,829 [WARN] DbFile:41 - Overriding database path with different value: C:\Users\hr193\.stmcufinder\plugins\mcufinder/ => C:\Users\hr193\.stmcufinder\plugins\mcufinder
2023-04-04 17:32:03,829 [WARN] DbFile:41 - Overriding database path with different value: C:\Users\hr193\.stmcufinder\plugins\mcufinder/ => C:\Users\hr193\.stmcufinder\plugins\mcufinder
2023-04-04 17:32:03,829 [INFO] CrossReferenceDbSqlite:203 - Set database path to: C:\Users\hr193\.stmcufinder\plugins\mcufinder//mcu/cs/
2023-04-04 17:32:03,874 [INFO] ApplicationProperties:184 - Using Application install path: C:\ST\STM32CubeIDE_1.12.0\STM32CubeIDE\plugins\com.st.stm32cube.common.mx_6.8.0.202302231600
2023-04-04 17:32:03,878 [INFO] PluginManage:196 - Search for loadable plugins [exclusion list=, ]
2023-04-04 17:32:03,883 [INFO] PluginManage:310 - Check plugin analytics
2023-04-04 17:32:04,548 [INFO] AnalyticsPlugin:253 - Accepted Software Licenses: 
2023-04-04 17:32:04,550 [INFO] AnalyticsPlugin:255 - Accepted CMSIS Pack Licenses: 
2023-04-04 17:32:04,551 [INFO] AnalyticsPlugin:257 - Accepted Firmware Licenses: 
2023-04-04 17:32:04,573 [INFO] PluginManage:359 - Loaded plugin analytics (category:tool,tabindex:-1)
2023-04-04 17:32:04,574 [INFO] PluginManage:310 - Check plugin cadmodel
2023-04-04 17:32:05,486 [INFO] CADModel:105 - Init CAD model plugin
2023-04-04 17:32:05,486 [INFO] PluginManage:359 - Loaded plugin cadmodel (category:power,tabindex:5)
2023-04-04 17:32:05,488 [INFO] PluginManage:310 - Check plugin clock
2023-04-04 17:32:05,519 [INFO] PluginManage:359 - Loaded plugin clock (category:base,tabindex:2)
2023-04-04 17:32:05,519 [INFO] PluginManage:310 - Check plugin ddr
2023-04-04 17:32:05,525 [INFO] PluginManage:359 - Loaded plugin ddr (category:tool,tabindex:6)
2023-04-04 17:32:05,525 [INFO] PluginManage:310 - Check plugin filemanager
2023-04-04 17:32:05,802 [INFO] PluginManage:359 - Loaded plugin filemanager (category:base,tabindex:10)
2023-04-04 17:32:05,802 [INFO] PluginManage:310 - Check plugin ipmanager
2023-04-04 17:32:05,820 [INFO] PluginManage:359 - Loaded plugin ipmanager (category:base,tabindex:5)
2023-04-04 17:32:05,821 [INFO] PluginManage:310 - Check plugin lpbam
2023-04-04 17:32:05,856 [INFO] PluginManage:359 - Loaded plugin lpbam (category:base,tabindex:0)
2023-04-04 17:32:05,857 [INFO] PluginManage:310 - Check plugin pinoutandconfiguration
2023-04-04 17:32:05,891 [INFO] PluginManage:359 - Loaded plugin pinoutandconfiguration (category:base,tabindex:1)
2023-04-04 17:32:05,892 [INFO] PluginManage:310 - Check plugin pinoutconfig
2023-04-04 17:32:06,099 [WARN] SupportedApi:132 - Cannot load RTOS API schema: s4s-elt-must-match.1: The content of 'definitions' must match (annotation?, (simpleType | complexType)?, (unique | key | keyref)*)). A problem was found starting at: attribute.
2023-04-04 17:32:06,481 [INFO] PluginManage:359 - Loaded plugin pinoutconfig (category:base,tabindex:0)
2023-04-04 17:32:06,481 [INFO] PluginManage:310 - Check plugin power
2023-04-04 17:32:06,515 [INFO] PluginManage:359 - Loaded plugin power (category:power,tabindex:4)
2023-04-04 17:32:06,515 [INFO] PluginManage:310 - Check plugin projectmanager
2023-04-04 17:32:06,552 [INFO] PluginManage:359 - Loaded plugin projectmanager (category:projectmanager,tabindex:3)
2023-04-04 17:32:06,553 [INFO] PluginManage:310 - Check plugin thirdparty
2023-04-04 17:32:07,023 [INFO] PluginManage:359 - Loaded plugin thirdparty (category:base,tabindex:-1)
2023-04-04 17:32:07,024 [INFO] PluginManage:310 - Check plugin tools
2023-04-04 17:32:07,023 [WARN] IntegrityCheckThread:84 - waiting for thirdparty lock release [integrity check]
2023-04-04 17:32:07,024 [INFO] IntegrityCheckThread:86 - entering critical section [integrity check]
2023-04-04 17:32:07,031 [INFO] ThirdPartyUpdaterWithRetryManager:70 - Updater plugin not ready yet. [1/15]
2023-04-04 17:32:07,089 [INFO] PluginManage:359 - Loaded plugin tools (category:base,tabindex:7)
2023-04-04 17:32:07,089 [INFO] PluginManage:310 - Check plugin tutovideos
2023-04-04 17:32:07,549 [INFO] PluginManage:359 - Loaded plugin tutovideos (category:base,tabindex:-1)
2023-04-04 17:32:07,551 [INFO] PluginManage:310 - Check plugin updater
2023-04-04 17:32:07,576 [INFO] PluginManage:359 - Loaded plugin updater (category:base,tabindex:12)
2023-04-04 17:32:07,577 [INFO] PluginManage:283 - PluginManage : Loaded plugins [15]
2023-04-04 17:32:08,163 [INFO] PinOutPanel:1499 - setPackage(No Configuration,No Configuration)
2023-04-04 17:32:08,318 [INFO] CADModel:165 - CPN selected for project level
2023-04-04 17:32:08,318 [INFO] CADModel:114 - Register for checkConnection events
2023-04-04 17:32:08,378 [INFO] IPUIPlugin:80 - create IPUIPlugin
2023-04-04 17:32:08,378 [INFO] PluginManager:220 - loadIPPluginJar : add adc
2023-04-04 17:32:08,446 [INFO] IPUIPlugin:80 - create IPUIPlugin
2023-04-04 17:32:08,446 [INFO] PluginManager:220 - loadIPPluginJar : add aes
2023-04-04 17:32:08,521 [INFO] IPUIPlugin:80 - create IPUIPlugin
2023-04-04 17:32:08,522 [INFO] PluginManager:220 - loadIPPluginJar : add can
2023-04-04 17:32:08,559 [INFO] IPUIPlugin:80 - create IPUIPlugin
2023-04-04 17:32:08,559 [INFO] PluginManager:220 - loadIPPluginJar : add comp
2023-04-04 17:32:08,614 [INFO] IPUIPlugin:80 - create IPUIPlugin
2023-04-04 17:32:08,614 [INFO] PluginManager:220 - loadIPPluginJar : add cryp
2023-04-04 17:32:08,655 [INFO] IPUIPlugin:80 - create IPUIPlugin
2023-04-04 17:32:08,655 [INFO] PluginManager:220 - loadIPPluginJar : add dfsdm
2023-04-04 17:32:08,673 [INFO] IPUIPlugin:80 - create IPUIPlugin
2023-04-04 17:32:08,674 [INFO] PluginManager:220 - loadIPPluginJar : add dma
2023-04-04 17:32:08,738 [INFO] IPUIPlugin:80 - create IPUIPlugin
2023-04-04 17:32:08,738 [INFO] PluginManager:220 - loadIPPluginJar : add dma3
2023-04-04 17:32:08,768 [INFO] IPUIPlugin:80 - create IPUIPlugin
2023-04-04 17:32:08,768 [INFO] PluginManager:220 - loadIPPluginJar : add fatfs
2023-04-04 17:32:08,845 [INFO] IPUIPlugin:80 - create IPUIPlugin
2023-04-04 17:32:08,845 [INFO] PluginManager:220 - loadIPPluginJar : add fmc
2023-04-04 17:32:08,864 [INFO] IPUIPlugin:80 - create IPUIPlugin
2023-04-04 17:32:08,864 [INFO] PluginManager:220 - loadIPPluginJar : add freertos
2023-04-04 17:32:08,890 [INFO] IPUIPlugin:80 - create IPUIPlugin
2023-04-04 17:32:08,891 [INFO] PluginManager:220 - loadIPPluginJar : add genericplugin
2023-04-04 17:32:09,105 [INFO] IPUIPlugin:80 - create IPUIPlugin
2023-04-04 17:32:09,105 [INFO] PluginManager:220 - loadIPPluginJar : add gfxmmu
2023-04-04 17:32:09,340 [INFO] IPUIPlugin:80 - create IPUIPlugin
2023-04-04 17:32:09,341 [INFO] PluginManager:220 - loadIPPluginJar : add gic
2023-04-04 17:32:09,362 [INFO] IPUIPlugin:80 - create IPUIPlugin
2023-04-04 17:32:09,363 [INFO] PluginManager:220 - loadIPPluginJar : add gpio
2023-04-04 17:32:09,506 [INFO] IPUIPlugin:80 - create IPUIPlugin
2023-04-04 17:32:09,507 [INFO] PluginManager:220 - loadIPPluginJar : add gtzc
2023-04-04 17:32:09,554 [INFO] IPUIPlugin:80 - create IPUIPlugin
2023-04-04 17:32:09,554 [INFO] PluginManager:220 - loadIPPluginJar : add hash
2023-04-04 17:32:09,622 [INFO] IPUIPlugin:80 - create IPUIPlugin
2023-04-04 17:32:09,622 [INFO] PluginManager:220 - loadIPPluginJar : add i2c
2023-04-04 17:32:09,674 [INFO] IPUIPlugin:80 - create IPUIPlugin
2023-04-04 17:32:09,674 [INFO] PluginManager:220 - loadIPPluginJar : add i2s
2023-04-04 17:32:09,726 [INFO] IPUIPlugin:80 - create IPUIPlugin
2023-04-04 17:32:09,726 [INFO] PluginManager:220 - loadIPPluginJar : add i3c
2023-04-04 17:32:09,860 [INFO] IPUIPlugin:80 - create IPUIPlugin
2023-04-04 17:32:09,860 [INFO] PluginManager:220 - loadIPPluginJar : add ipddr
2023-04-04 17:32:09,977 [INFO] IPUIPlugin:80 - create IPUIPlugin
2023-04-04 17:32:09,977 [INFO] PluginManager:220 - loadIPPluginJar : add linkedlist
2023-04-04 17:32:10,027 [INFO] IPUIPlugin:80 - create IPUIPlugin
2023-04-04 17:32:10,027 [INFO] PluginManager:220 - loadIPPluginJar : add lorawan
2023-04-04 17:32:10,038 [INFO] ThirdPartyUpdaterWithRetryManager:70 - Updater plugin not ready yet. [2/15]
2023-04-04 17:32:10,083 [INFO] IPUIPlugin:80 - create IPUIPlugin
2023-04-04 17:32:10,083 [INFO] PluginManager:220 - loadIPPluginJar : add ltdc
2023-04-04 17:32:10,101 [INFO] IPUIPlugin:80 - create IPUIPlugin
2023-04-04 17:32:10,101 [INFO] PluginManager:220 - loadIPPluginJar : add mdma
2023-04-04 17:32:10,117 [INFO] IPUIPlugin:80 - create IPUIPlugin
2023-04-04 17:32:10,117 [INFO] PluginManager:220 - loadIPPluginJar : add nvic
2023-04-04 17:32:10,162 [INFO] IPUIPlugin:80 - create IPUIPlugin
2023-04-04 17:32:10,162 [INFO] PluginManager:220 - loadIPPluginJar : add opamp
2023-04-04 17:32:10,247 [INFO] IPUIPlugin:80 - create IPUIPlugin
2023-04-04 17:32:10,247 [INFO] PluginManager:220 - loadIPPluginJar : add openamp
2023-04-04 17:32:10,304 [INFO] IPUIPlugin:80 - create IPUIPlugin
2023-04-04 17:32:10,304 [INFO] PluginManager:220 - loadIPPluginJar : add pdm2pcm
2023-04-04 17:32:10,325 [INFO] IPUIPlugin:80 - create IPUIPlugin
2023-04-04 17:32:10,333 [INFO] PluginManager:220 - loadIPPluginJar : add plateformsettings
2023-04-04 17:32:10,380 [INFO] IPUIPlugin:80 - create IPUIPlugin
2023-04-04 17:32:10,380 [INFO] PluginManager:220 - loadIPPluginJar : add quadspi
2023-04-04 17:32:10,398 [INFO] IPUIPlugin:80 - create IPUIPlugin
2023-04-04 17:32:10,398 [INFO] PluginManager:220 - loadIPPluginJar : add resmgrutility
2023-04-04 17:32:10,468 [INFO] IPUIPlugin:80 - create IPUIPlugin
2023-04-04 17:32:10,468 [INFO] PluginManager:220 - loadIPPluginJar : add sai
2023-04-04 17:32:10,514 [INFO] IPUIPlugin:80 - create IPUIPlugin
2023-04-04 17:32:10,514 [INFO] PluginManager:220 - loadIPPluginJar : add spi
2023-04-04 17:32:10,586 [INFO] IPUIPlugin:80 - create IPUIPlugin
2023-04-04 17:32:10,586 [INFO] PluginManager:220 - loadIPPluginJar : add stm32_wpan
2023-04-04 17:32:10,621 [INFO] IPUIPlugin:80 - create IPUIPlugin
2023-04-04 17:32:10,621 [INFO] PluginManager:220 - loadIPPluginJar : add tim
2023-04-04 17:32:10,714 [INFO] IPUIPlugin:80 - create IPUIPlugin
2023-04-04 17:32:10,714 [INFO] PluginManager:220 - loadIPPluginJar : add touchsensing
2023-04-04 17:32:10,744 [INFO] IPUIPlugin:80 - create IPUIPlugin
2023-04-04 17:32:10,744 [INFO] PluginManager:220 - loadIPPluginJar : add tracer_emb
2023-04-04 17:32:10,783 [INFO] IPUIPlugin:80 - create IPUIPlugin
2023-04-04 17:32:10,783 [INFO] PluginManager:220 - loadIPPluginJar : add ts
2023-04-04 17:32:10,810 [INFO] IPUIPlugin:80 - create IPUIPlugin
2023-04-04 17:32:10,810 [INFO] PluginManager:220 - loadIPPluginJar : add tsc
2023-04-04 17:32:10,835 [INFO] IPUIPlugin:80 - create IPUIPlugin
2023-04-04 17:32:10,835 [INFO] PluginManager:220 - loadIPPluginJar : add ucpd
2023-04-04 17:32:10,896 [INFO] IPUIPlugin:80 - create IPUIPlugin
2023-04-04 17:32:10,896 [INFO] PluginManager:220 - loadIPPluginJar : add usart
2023-04-04 17:32:10,953 [INFO] IPUIPlugin:80 - create IPUIPlugin
2023-04-04 17:32:10,954 [INFO] PluginManager:220 - loadIPPluginJar : add usbx
2023-04-04 17:32:11,161 [INFO] CADModel:165 - CPN selected for project level
2023-04-04 17:32:11,162 [INFO] CADModel:114 - Register for checkConnection events
2023-04-04 17:32:11,162 [FATAL] Updater:308 - Updater called before beeing initialized
2023-04-04 17:32:11,162 [ERROR] CADModel:125 - Updater not yet initialized, retry later 
2023-04-04 17:32:11,428 [INFO] CADModel:165 - CPN selected for project level
2023-04-04 17:32:11,428 [INFO] CADModel:114 - Register for checkConnection events
2023-04-04 17:32:11,428 [FATAL] Updater:308 - Updater called before beeing initialized
2023-04-04 17:32:11,428 [ERROR] CADModel:125 - Updater not yet initialized, retry later 
2023-04-04 17:32:11,434 [FATAL] Updater:308 - Updater called before beeing initialized
2023-04-04 17:32:11,669 [FATAL] Updater:308 - Updater called before beeing initialized
2023-04-04 17:32:11,687 [INFO] DbMcusAds:53 - JSON generation date=Thu Sep 30 08:55:09 CEST 2021 (1632984909247)
2023-04-04 17:32:11,687 [FATAL] Updater:308 - Updater called before beeing initialized
2023-04-04 17:32:12,346 [WARN] DetailPanel:346 - Failed to get advertising image, set to default
2023-04-04 17:32:12,574 [FATAL] Updater:308 - Updater called before beeing initialized
2023-04-04 17:32:12,578 [FATAL] Updater:308 - Updater called before beeing initialized
2023-04-04 17:32:12,578 [FATAL] Updater:308 - Updater called before beeing initialized
2023-04-04 17:32:12,578 [WARN] DetailPanel:346 - Failed to get advertising image, set to default
2023-04-04 17:32:12,581 [FATAL] Updater:308 - Updater called before beeing initialized
2023-04-04 17:32:12,669 [ERROR] Updater:1120 - MainUpdater not yet initialized. External WinMGr cannot be set.
2023-04-04 17:32:12,682 [INFO] Updater:1056 - Updater Version found : 6.8.0
2023-04-04 17:32:12,709 [INFO] ApplicationProperties:184 - Using Application install path: C:\ST\STM32CubeIDE_1.12.0\STM32CubeIDE\plugins\com.st.stm32cube.common.mx_6.8.0.202302231600
2023-04-04 17:32:12,862 [INFO] MainUpdater:519 - Copy updater definitions from MX database
2023-04-04 17:32:12,916 [INFO] MainUpdater:552 - Copy flag file definitions from MX database
2023-04-04 17:32:12,920 [INFO] MainUpdater:568 - Copy thirdparty index definitions from MX database
2023-04-04 17:32:12,924 [INFO] MainUpdater:587 - Copy default thirdparty db definitions from MX database
2023-04-04 17:32:13,041 [INFO] ThirdPartyUpdaterWithRetryManager:70 - Updater plugin not ready yet. [3/15]
2023-04-04 17:32:14,132 [INFO] MainUpdater:2854 - connection check result : 10
2023-04-04 17:32:14,133 [INFO] MainUpdater:3548 - Updater definition file requires update
2023-04-04 17:32:14,136 [INFO] MainUpdater:283 - Updater Check For Update Now.
2023-04-04 17:32:14,138 [INFO] MicroXplorer:498 - Change Database Version : DB.6.0.80
2023-04-04 17:32:14,228 [INFO] ServerAccessManage:473 - Download File updaters.zip
2023-04-04 17:32:14,373 [INFO] FileExtend:240 - Unzip File : updaters.zip
2023-04-04 17:32:14,374 [INFO] FileExtend:255 - Standard Zip Deflate
2023-04-04 17:32:15,270 [INFO] ServerAccessManage:473 - Download File PacksControlFlags.xml
2023-04-04 17:32:15,394 [INFO] ServerAccessManage:473 - Download File cubemx.pidx
2023-04-04 17:32:15,617 [INFO] ServerAccessManage:473 - Download File STMicroelectronics.FP-ATR-ASTRA1.pdsc
2023-04-04 17:32:15,734 [INFO] ServerAccessManage:473 - Download File STMicroelectronics.FP-ATR-SIGFOX1.pdsc
2023-04-04 17:32:15,894 [INFO] ServerAccessManage:473 - Download File STMicroelectronics.X-CUBE-AI.pdsc
2023-04-04 17:32:16,051 [WARN] MainUpdater:1187 - Updater busy. Cannot search thirdparties
2023-04-04 17:32:16,052 [INFO] ThirdPartyUpdaterWithRetryManager:96 - Updater plugin is busy. [1/15]
2023-04-04 17:32:16,386 [INFO] ServerAccessManage:473 - Download File STMicroelectronics.X-CUBE-ALS.pdsc
2023-04-04 17:32:16,473 [INFO] ServerAccessManage:473 - Download File STMicroelectronics.X-CUBE-BLE1.pdsc
2023-04-04 17:32:17,039 [ERROR] ServerAccessManage:1089 - Problem, file not found on Server
2023-04-04 17:32:17,115 [INFO] ServerAccessManage:473 - Download File STMicroelectronics.X-CUBE-BLE2.pdsc
2023-04-04 17:32:17,347 [INFO] ServerAccessManage:473 - Download File STMicroelectronics.X-CUBE-BLEMGR.pdsc
2023-04-04 17:32:17,569 [INFO] ServerAccessManage:473 - Download File STMicroelectronics.X-CUBE-DISPLAY.pdsc
2023-04-04 17:32:17,894 [INFO] ServerAccessManage:473 - Download File STMicroelectronics.X-CUBE-EEPRMA1.pdsc
2023-04-04 17:32:18,080 [ERROR] ServerAccessManage:1089 - Problem, file not found on Server
2023-04-04 17:32:18,228 [INFO] ServerAccessManage:473 - Download File STMicroelectronics.X-CUBE-FREERTOS.pdsc
2023-04-04 17:32:18,295 [INFO] ServerAccessManage:473 - Download File STMicroelectronics.X-CUBE-GNSS1.pdsc
2023-04-04 17:32:18,624 [ERROR] ServerAccessManage:1089 - Problem, file not found on Server
2023-04-04 17:32:18,752 [ERROR] ServerAccessManage:1089 - Problem, file not found on Server
2023-04-04 17:32:18,878 [ERROR] ServerAccessManage:1089 - Problem, file not found on Server
2023-04-04 17:32:18,988 [ERROR] ServerAccessManage:1089 - Problem, file not found on Server
2023-04-04 17:32:19,061 [WARN] MainUpdater:1187 - Updater busy. Cannot search thirdparties
2023-04-04 17:32:19,061 [INFO] ThirdPartyUpdaterWithRetryManager:96 - Updater plugin is busy. [2/15]
2023-04-04 17:32:19,136 [ERROR] ServerAccessManage:1089 - Problem, file not found on Server
2023-04-04 17:32:19,266 [ERROR] ServerAccessManage:1089 - Problem, file not found on Server
2023-04-04 17:32:19,329 [INFO] ServerAccessManage:473 - Download File STMicroelectronics.X-CUBE-ISPU.pdsc
2023-04-04 17:32:19,444 [INFO] ServerAccessManage:473 - Download File STMicroelectronics.X-CUBE-MEMS1.pdsc
2023-04-04 17:32:20,016 [INFO] ServerAccessManage:473 - Download File STMicroelectronics.X-CUBE-NFC4.pdsc
2023-04-04 17:32:20,392 [INFO] ServerAccessManage:473 - Download File STMicroelectronics.X-CUBE-NFC7.pdsc
2023-04-04 17:32:20,489 [INFO] ServerAccessManage:473 - Download File STMicroelectronics.X-CUBE-SFXS2LP1.pdsc
2023-04-04 17:32:20,704 [INFO] ServerAccessManage:473 - Download File STMicroelectronics.X-CUBE-SUBG2.pdsc
2023-04-04 17:32:21,028 [INFO] ServerAccessManage:473 - Download File STMicroelectronics.X-CUBE-TOF1.pdsc
2023-04-04 17:32:21,308 [ERROR] ServerAccessManage:1089 - Problem, file not found on Server
2023-04-04 17:32:21,354 [INFO] ServerAccessManage:473 - Download File STMicroelectronics.X-CUBE-TOUCHGFX.pdsc
2023-04-04 17:32:21,717 [INFO] ServerAccessManage:473 - Download File STMicroelectronics.X-CUBE-ALGOBUILD.pdsc
2023-04-04 17:32:21,861 [INFO] ServerAccessManage:473 - Download File STMicroelectronics.X-CUBE-AZRTOS-H7.pdsc
2023-04-04 17:32:22,070 [WARN] MainUpdater:1187 - Updater busy. Cannot search thirdparties
2023-04-04 17:32:22,070 [INFO] ThirdPartyUpdaterWithRetryManager:96 - Updater plugin is busy. [3/15]
2023-04-04 17:32:22,208 [INFO] ServerAccessManage:473 - Download File STMicroelectronics.X-CUBE-AZRTOS-F4.pdsc
2023-04-04 17:32:22,327 [INFO] ServerAccessManage:473 - Download File STMicroelectronics.X-CUBE-AZRTOS-F7.pdsc
2023-04-04 17:32:22,490 [INFO] ServerAccessManage:473 - Download File STMicroelectronics.X-CUBE-AZRTOS-L4.pdsc
2023-04-04 17:32:22,588 [INFO] ServerAccessManage:473 - Download File STMicroelectronics.X-CUBE-AZRTOS-L5.pdsc
2023-04-04 17:32:22,709 [INFO] ServerAccessManage:473 - Download File STMicroelectronics.X-CUBE-AZRTOS-G0.pdsc
2023-04-04 17:32:22,879 [INFO] ServerAccessManage:473 - Download File STMicroelectronics.X-CUBE-AZRTOS-G4.pdsc
2023-04-04 17:32:22,963 [INFO] ServerAccessManage:473 - Download File STMicroelectronics.X-CUBE-AZRTOS-WB.pdsc
2023-04-04 17:32:23,114 [INFO] ServerAccessManage:473 - Download File STMicroelectronics.X-CUBE-AZRTOS-WL.pdsc
2023-04-04 17:32:23,859 [INFO] ServerAccessManage:473 - Download File wolfSSL.I-CUBE-wolfSSL.pdsc
2023-04-04 17:32:25,072 [WARN] MainUpdater:1187 - Updater busy. Cannot search thirdparties
2023-04-04 17:32:25,072 [INFO] ThirdPartyUpdaterWithRetryManager:96 - Updater plugin is busy. [4/15]
2023-04-04 17:32:26,438 [ERROR] ServerAccessManage:1089 - Problem, file not found on Server
2023-04-04 17:32:26,801 [ERROR] ServerAccessManage:1089 - Problem, file not found on Server
2023-04-04 17:32:27,175 [ERROR] ServerAccessManage:1089 - Problem, file not found on Server
2023-04-04 17:32:27,762 [INFO] ServerAccessManage:473 - Download File RoweBots.I-CUBE-UNISONRTOS.pdsc
2023-04-04 17:32:28,076 [WARN] MainUpdater:1187 - Updater busy. Cannot search thirdparties
2023-04-04 17:32:28,078 [INFO] ThirdPartyUpdaterWithRetryManager:96 - Updater plugin is busy. [5/15]
2023-04-04 17:32:28,559 [ERROR] ServerAccessManage:1089 - Problem, file not found on Server
2023-04-04 17:32:29,067 [ERROR] ServerAccessManage:1089 - Problem, file not found on Server
2023-04-04 17:32:29,571 [ERROR] ServerAccessManage:1089 - Problem, file not found on Server
2023-04-04 17:32:30,090 [ERROR] ServerAccessManage:1089 - Problem, file not found on Server
2023-04-04 17:32:30,326 [INFO] ServerAccessManage:473 - Download File SEGGER.I-CUBE-embOS.pdsc
2023-04-04 17:32:30,898 [INFO] ServerAccessManage:473 - Download File portGmbH.I-Cube-SoM-uGOAL.pdsc
2023-04-04 17:32:31,086 [WARN] MainUpdater:1187 - Updater busy. Cannot search thirdparties
2023-04-04 17:32:31,088 [INFO] ThirdPartyUpdaterWithRetryManager:96 - Updater plugin is busy. [6/15]
2023-04-04 17:32:31,277 [ERROR] ServerAccessManage:1089 - Problem, file not found on Server
2023-04-04 17:32:31,323 [ERROR] ServerAccessManage:1089 - Problem, file not found on Server
2023-04-04 17:32:31,384 [ERROR] ServerAccessManage:1089 - Problem, file not found on Server
2023-04-04 17:32:31,669 [INFO] ServerAccessManage:473 - Download File emotas.I-CUBE-CANOPEN.pdsc
2023-04-04 17:32:33,161 [INFO] ServerAccessManage:473 - Download File WES.I-CUBE-Cesium.pdsc
2023-04-04 17:32:34,100 [WARN] MainUpdater:1187 - Updater busy. Cannot search thirdparties
2023-04-04 17:32:34,100 [INFO] ThirdPartyUpdaterWithRetryManager:96 - Updater plugin is busy. [7/15]
2023-04-04 17:32:34,812 [INFO] MainUpdater:2854 - connection check result : 10
2023-04-04 17:32:35,709 [ERROR] ServerAccessManage:1089 - Problem, file not found on Server
2023-04-04 17:32:36,517 [ERROR] ServerAccessManage:1089 - Problem, file not found on Server
2023-04-04 17:32:36,644 [WARN] CheckServerUpdateThread:151 - Open CheckUpdateFile Fail
2023-04-04 17:32:36,664 [WARN] PackLoader:240 - Cannot read IP mode file for STMicroelectronics.FP-ATR-ASTRA1.1.1.1
2023-04-04 17:32:36,679 [WARN] PackLoader:240 - Cannot read IP mode file for STMicroelectronics.FP-ATR-SIGFOX1.3.2.0
2023-04-04 17:32:36,689 [WARN] PackLoader:240 - Cannot read IP mode file for STMicroelectronics.X-CUBE-AI.8.0.0
2023-04-04 17:32:36,703 [WARN] PackLoader:240 - Cannot read IP mode file for STMicroelectronics.X-CUBE-ALS.1.0.1
2023-04-04 17:32:36,718 [WARN] PackLoader:240 - Cannot read IP mode file for STMicroelectronics.X-CUBE-BLE1.6.2.4
2023-04-04 17:32:36,728 [WARN] PackLoader:240 - Cannot read IP mode file for STMicroelectronics.X-CUBE-BLE2.3.3.0
2023-04-04 17:32:36,754 [WARN] PackLoader:240 - Cannot read IP mode file for STMicroelectronics.X-CUBE-BLEMGR.2.0.0
2023-04-04 17:32:36,785 [WARN] PackLoader:240 - Cannot read IP mode file for STMicroelectronics.X-CUBE-DISPLAY.3.0.0
2023-04-04 17:32:36,798 [INFO] CheckServerUpdateThread:120 - End of CheckServer Thread
2023-04-04 17:32:36,822 [WARN] PackLoader:240 - Cannot read IP mode file for STMicroelectronics.X-CUBE-EEPRMA1.4.1.0
2023-04-04 17:32:36,842 [WARN] PackLoader:240 - Cannot read IP mode file for STMicroelectronics.X-CUBE-FREERTOS.1.0.0
2023-04-04 17:32:36,855 [WARN] PackLoader:240 - Cannot read IP mode file for STMicroelectronics.X-CUBE-GNSS1.6.0.0
2023-04-04 17:32:36,867 [WARN] PackLoader:240 - Cannot read IP mode file for STMicroelectronics.X-CUBE-ISPU.1.1.0
2023-04-04 17:32:36,917 [INFO] MainUpdater:2854 - connection check result : 10
2023-04-04 17:32:37,015 [WARN] PackLoader:240 - Cannot read IP mode file for STMicroelectronics.X-CUBE-MEMS1.9.5.0
2023-04-04 17:32:37,395 [WARN] PackLoader:240 - Cannot read IP mode file for STMicroelectronics.X-CUBE-GNSS1.6.0.0
2023-04-04 17:32:37,480 [WARN] PackLoader:240 - Cannot read IP mode file for STMicroelectronics.X-CUBE-AZRTOS-F4.1.1.0
2023-04-04 17:32:37,504 [WARN] PackLoader:240 - Cannot read IP mode file for wolfSSL.I-CUBE-wolfSSL.5.6.0
2023-04-04 17:32:37,554 [WARN] PackLoader:240 - Cannot read IP mode file for STMicroelectronics.X-CUBE-AZRTOS-F7.1.1.0
2023-04-04 17:32:37,585 [WARN] PackLoader:240 - Cannot read IP mode file for STMicroelectronics.X-CUBE-BLE1.6.2.4
2023-04-04 17:32:37,624 [WARN] PackLoader:240 - Cannot read IP mode file for emotas.I-CUBE-CANOPEN.1.1.3
2023-04-04 17:32:37,650 [WARN] PackLoader:240 - Cannot read IP mode file for STMicroelectronics.X-CUBE-BLEMGR.2.0.0
2023-04-04 17:32:37,683 [WARN] PackLoader:240 - Cannot read IP mode file for STMicroelectronics.X-CUBE-DISPLAY.3.0.0
2023-04-04 17:32:37,719 [WARN] PackLoader:240 - Cannot read IP mode file for STMicroelectronics.X-CUBE-NFC7.1.0.0
2023-04-04 17:32:37,724 [WARN] PackLoader:240 - Cannot read IP mode file for STMicroelectronics.X-CUBE-NFC4.3.0.0
2023-04-04 17:32:37,739 [WARN] PackLoader:240 - Cannot read IP mode file for STMicroelectronics.X-CUBE-NFC7.1.0.0
2023-04-04 17:32:37,739 [WARN] PackLoader:240 - Cannot read IP mode file for STMicroelectronics.X-CUBE-EEPRMA1.4.1.0
2023-04-04 17:32:37,765 [WARN] PackLoader:240 - Cannot read IP mode file for WES.I-CUBE-Cesium.1.3.0
2023-04-04 17:32:37,766 [WARN] PackLoader:240 - Cannot read IP mode file for STMicroelectronics.X-CUBE-SFXS2LP1.4.0.0
2023-04-04 17:32:37,789 [WARN] PackLoader:240 - Cannot read IP mode file for STMicroelectronics.X-CUBE-SFXS2LP1.4.0.0
2023-04-04 17:32:37,814 [WARN] PackLoader:240 - Cannot read IP mode file for STMicroelectronics.X-CUBE-BLE2.3.3.0
2023-04-04 17:32:37,819 [WARN] PackLoader:240 - Cannot read IP mode file for STMicroelectronics.X-CUBE-SUBG2.5.0.0
2023-04-04 17:32:37,875 [WARN] PackLoader:240 - Cannot read IP mode file for STMicroelectronics.X-CUBE-TOF1.3.3.0
2023-04-04 17:32:37,886 [WARN] PackLoader:240 - Cannot read IP mode file for STMicroelectronics.X-CUBE-AZRTOS-H7.3.0.0
2023-04-04 17:32:37,904 [WARN] PackLoader:240 - Cannot read IP mode file for STMicroelectronics.X-CUBE-ISPU.1.1.0
2023-04-04 17:32:37,917 [WARN] PackLoader:240 - Cannot read IP mode file for STMicroelectronics.X-CUBE-TOUCHGFX.4.21.3
2023-04-04 17:32:37,923 [WARN] PackLoader:240 - Cannot read IP mode file for RoweBots.I-CUBE-UNISONRTOS.5.5.0-4
2023-04-04 17:32:37,926 [WARN] PackLoader:240 - Cannot read IP mode file for STMicroelectronics.X-CUBE-ALGOBUILD.1.3.0
2023-04-04 17:32:37,941 [WARN] PackLoader:240 - Cannot read IP mode file for STMicroelectronics.X-CUBE-AI.8.0.0
2023-04-04 17:32:37,952 [WARN] PackLoader:240 - Cannot read IP mode file for STMicroelectronics.X-CUBE-FREERTOS.1.0.0
2023-04-04 17:32:37,958 [WARN] PackLoader:240 - Cannot read IP mode file for STMicroelectronics.X-CUBE-TOUCHGFX.4.21.3
2023-04-04 17:32:37,969 [WARN] PackLoader:240 - Cannot read IP mode file for STMicroelectronics.X-CUBE-ALGOBUILD.1.3.0
2023-04-04 17:32:37,981 [WARN] PackLoader:240 - Cannot read IP mode file for STMicroelectronics.X-CUBE-AZRTOS-H7.3.0.0
2023-04-04 17:32:38,003 [WARN] PackLoader:240 - Cannot read IP mode file for STMicroelectronics.X-CUBE-AZRTOS-L5.1.1.0
2023-04-04 17:32:38,026 [WARN] PackLoader:240 - Cannot read IP mode file for STMicroelectronics.X-CUBE-AZRTOS-F4.1.1.0
2023-04-04 17:32:38,053 [WARN] PackLoader:240 - Cannot read IP mode file for STMicroelectronics.X-CUBE-AZRTOS-G0.1.1.0
2023-04-04 17:32:38,074 [WARN] PackLoader:240 - Cannot read IP mode file for STMicroelectronics.X-CUBE-AZRTOS-F7.1.1.0
2023-04-04 17:32:38,078 [WARN] PackLoader:240 - Cannot read IP mode file for STMicroelectronics.X-CUBE-SUBG2.5.0.0
2023-04-04 17:32:38,099 [WARN] PackLoader:240 - Cannot read IP mode file for STMicroelectronics.X-CUBE-NFC4.3.0.0
2023-04-04 17:32:38,119 [WARN] PackLoader:240 - Cannot read IP mode file for STMicroelectronics.X-CUBE-TOF1.3.3.0
2023-04-04 17:32:38,148 [WARN] PackLoader:240 - Cannot read IP mode file for STMicroelectronics.FP-ATR-ASTRA1.1.1.1
2023-04-04 17:32:38,155 [WARN] PackLoader:240 - Cannot read IP mode file for STMicroelectronics.X-CUBE-AZRTOS-L4.1.0.0
2023-04-04 17:32:38,193 [WARN] PackLoader:240 - Cannot read IP mode file for STMicroelectronics.X-CUBE-AZRTOS-G4.1.0.0
2023-04-04 17:32:38,200 [WARN] PackLoader:240 - Cannot read IP mode file for STMicroelectronics.X-CUBE-AZRTOS-L5.1.1.0
2023-04-04 17:32:38,204 [WARN] PackLoader:240 - Cannot read IP mode file for STMicroelectronics.FP-ATR-SIGFOX1.3.2.0
2023-04-04 17:32:38,240 [WARN] PackLoader:240 - Cannot read IP mode file for STMicroelectronics.X-CUBE-AZRTOS-G0.1.1.0
2023-04-04 17:32:38,242 [WARN] PackLoader:240 - Cannot read IP mode file for STMicroelectronics.X-CUBE-AZRTOS-L4.1.0.0
2023-04-04 17:32:38,270 [WARN] PackLoader:240 - Cannot read IP mode file for STMicroelectronics.X-CUBE-AZRTOS-G4.1.0.0
2023-04-04 17:32:38,279 [WARN] PackLoader:240 - Cannot read IP mode file for STMicroelectronics.X-CUBE-AZRTOS-WL.1.0.0
2023-04-04 17:32:38,292 [WARN] PackLoader:240 - Cannot read IP mode file for portGmbH.I-Cube-SoM-uGOAL.1.1.0
2023-04-04 17:32:38,299 [WARN] PackLoader:240 - Cannot read IP mode file for STMicroelectronics.X-CUBE-AZRTOS-WB.1.1.0
2023-04-04 17:32:38,301 [WARN] PackLoader:240 - Cannot read IP mode file for STMicroelectronics.X-CUBE-ALS.1.0.1
2023-04-04 17:32:38,346 [WARN] PackLoader:240 - Cannot read IP mode file for STMicroelectronics.X-CUBE-AZRTOS-WL.1.0.0
2023-04-04 17:32:38,352 [WARN] PackLoader:240 - Cannot read IP mode file for wolfSSL.I-CUBE-wolfSSL.5.6.0
2023-04-04 17:32:38,365 [WARN] PackLoader:240 - Cannot read IP mode file for RoweBots.I-CUBE-UNISONRTOS.5.5.0-4
2023-04-04 17:32:38,418 [WARN] PackLoader:240 - Cannot read IP mode file for STMicroelectronics.X-CUBE-MEMS1.9.5.0
2023-04-04 17:32:38,564 [WARN] PackLoader:240 - Cannot read IP mode file for SEGGER.I-CUBE-embOS.1.3.1
2023-04-04 17:32:38,678 [WARN] PackLoader:240 - Cannot read IP mode file for portGmbH.I-Cube-SoM-uGOAL.1.1.0
2023-04-04 17:32:38,690 [WARN] PackLoader:240 - Cannot read IP mode file for emotas.I-CUBE-CANOPEN.1.1.3
2023-04-04 17:32:38,704 [WARN] PackLoader:240 - Cannot read IP mode file for WES.I-CUBE-Cesium.1.3.0
2023-04-04 17:32:38,705 [INFO] PopulateThirdPartyThread:66 - Ending populate Thread
2023-04-04 17:32:38,723 [INFO] ThirdParty:1030 - CMSIS Pack Vendor :STMicroelectronics X-CUBE-ISPU 1.1.0
2023-04-04 17:32:38,723 [INFO] ThirdParty:1030 - CMSIS Pack Vendor :STMicroelectronics X-CUBE-DISPLAY 3.0.0
2023-04-04 17:32:38,723 [INFO] ThirdParty:1030 - CMSIS Pack Vendor :RoweBots I-CUBE-UNISONRTOS 5.5.0-4
2023-04-04 17:32:38,723 [INFO] ThirdParty:1030 - CMSIS Pack Vendor :STMicroelectronics X-CUBE-GNSS1 6.0.0
2023-04-04 17:32:38,724 [INFO] ThirdParty:1030 - CMSIS Pack Vendor :STMicroelectronics X-CUBE-AZRTOS-F4 1.1.0
2023-04-04 17:32:38,724 [INFO] ThirdParty:1030 - CMSIS Pack Vendor :STMicroelectronics FP-ATR-SIGFOX1 3.2.0
2023-04-04 17:32:38,724 [INFO] ThirdParty:1030 - CMSIS Pack Vendor :STMicroelectronics X-CUBE-AZRTOS-G4 1.0.0
2023-04-04 17:32:38,724 [INFO] ThirdParty:1030 - CMSIS Pack Vendor :STMicroelectronics X-CUBE-AZRTOS-L4 1.0.0
2023-04-04 17:32:38,724 [INFO] ThirdParty:1030 - CMSIS Pack Vendor :wolfSSL I-CUBE-wolfSSL 5.6.0
2023-04-04 17:32:38,724 [INFO] ThirdParty:1030 - CMSIS Pack Vendor :STMicroelectronics X-CUBE-AI 8.0.0
2023-04-04 17:32:38,724 [INFO] ThirdParty:1030 - CMSIS Pack Vendor :STMicroelectronics X-CUBE-FREERTOS 1.0.0
2023-04-04 17:32:38,725 [INFO] ThirdParty:1030 - CMSIS Pack Vendor :STMicroelectronics X-CUBE-NFC7 1.0.0
2023-04-04 17:32:38,725 [INFO] ThirdParty:1030 - CMSIS Pack Vendor :STMicroelectronics X-CUBE-TOUCHGFX 4.21.3
2023-04-04 17:32:38,726 [INFO] ThirdParty:1030 - CMSIS Pack Vendor :STMicroelectronics X-CUBE-AZRTOS-WL 1.0.0
2023-04-04 17:32:38,726 [INFO] ThirdParty:1030 - CMSIS Pack Vendor :STMicroelectronics X-CUBE-AZRTOS-F7 1.1.0
2023-04-04 17:32:38,726 [INFO] ThirdParty:1030 - CMSIS Pack Vendor :STMicroelectronics X-CUBE-ALS 1.0.1
2023-04-04 17:32:38,726 [INFO] ThirdParty:1030 - CMSIS Pack Vendor :STMicroelectronics X-CUBE-EEPRMA1 4.1.0
2023-04-04 17:32:38,726 [INFO] ThirdParty:1030 - CMSIS Pack Vendor :portGmbH I-Cube-SoM-uGOAL 1.1.0
2023-04-04 17:32:38,726 [INFO] ThirdParty:1030 - CMSIS Pack Vendor :STMicroelectronics X-CUBE-MEMS1 9.5.0
2023-04-04 17:32:38,726 [INFO] ThirdParty:1030 - CMSIS Pack Vendor :STMicroelectronics X-CUBE-AZRTOS-WB 1.1.0
2023-04-04 17:32:38,727 [INFO] ThirdParty:1030 - CMSIS Pack Vendor :STMicroelectronics X-CUBE-ALGOBUILD 1.3.0
2023-04-04 17:32:38,727 [INFO] ThirdParty:1030 - CMSIS Pack Vendor :SEGGER I-CUBE-embOS 1.3.1
2023-04-04 17:32:38,727 [INFO] ThirdParty:1030 - CMSIS Pack Vendor :STMicroelectronics X-CUBE-BLE1 6.2.4
2023-04-04 17:32:38,727 [INFO] ThirdParty:1030 - CMSIS Pack Vendor :STMicroelectronics X-CUBE-AZRTOS-L5 1.1.0
2023-04-04 17:32:38,728 [INFO] ThirdParty:1030 - CMSIS Pack Vendor :STMicroelectronics X-CUBE-AZRTOS-G0 1.1.0
2023-04-04 17:32:38,728 [INFO] ThirdParty:1030 - CMSIS Pack Vendor :emotas I-CUBE-CANOPEN 1.1.3
2023-04-04 17:32:38,728 [INFO] ThirdParty:1030 - CMSIS Pack Vendor :STMicroelectronics X-CUBE-BLEMGR 2.0.0
2023-04-04 17:32:38,728 [INFO] ThirdParty:1030 - CMSIS Pack Vendor :STMicroelectronics X-CUBE-NFC4 3.0.0
2023-04-04 17:32:38,728 [INFO] ThirdParty:1030 - CMSIS Pack Vendor :STMicroelectronics X-CUBE-SUBG2 5.0.0
2023-04-04 17:32:38,728 [INFO] ThirdParty:1030 - CMSIS Pack Vendor :WES I-CUBE-Cesium 1.3.0
2023-04-04 17:32:38,728 [INFO] ThirdParty:1030 - CMSIS Pack Vendor :STMicroelectronics X-CUBE-SFXS2LP1 4.0.0
2023-04-04 17:32:38,728 [INFO] ThirdParty:1030 - CMSIS Pack Vendor :STMicroelectronics X-CUBE-BLE2 3.3.0
2023-04-04 17:32:38,729 [INFO] ThirdParty:1030 - CMSIS Pack Vendor :STMicroelectronics FP-ATR-ASTRA1 1.1.1
2023-04-04 17:32:38,729 [INFO] ThirdParty:1030 - CMSIS Pack Vendor :STMicroelectronics X-CUBE-TOF1 3.3.0
2023-04-04 17:32:38,729 [INFO] ThirdParty:1030 - CMSIS Pack Vendor :STMicroelectronics X-CUBE-AZRTOS-H7 3.0.0
2023-04-04 17:32:38,730 [INFO] LoadServerUpdatesThread:373 - End of LoadServerUpdate Thread
2023-04-04 17:32:38,783 [WARN] PackLoader:240 - Cannot read IP mode file for STMicroelectronics.X-CUBE-AZRTOS-WB.1.1.0
2023-04-04 17:32:38,865 [WARN] PackLoader:240 - Cannot read IP mode file for SEGGER.I-CUBE-embOS.1.3.1
2023-04-04 17:32:38,947 [INFO] ThirdParty:978 - Integrity check success = true
2023-04-04 17:32:38,948 [INFO] IntegrityCheckThread:100 - exiting critical section [integrity check]
2023-04-04 17:32:38,948 [INFO] IntegrityCheckThread:103 - End integrity checks thread
2023-04-04 17:32:39,009 [INFO] MicroXplorer:468 - Change Database Path : 
2023-04-04 17:32:39,009 [INFO] MicroXplorer:498 - Change Database Version : DB.6.0.80
2023-04-04 17:32:39,010 [WARN] ThirdParty:871 - waiting for thirdparty lock release [close project]
2023-04-04 17:32:39,010 [INFO] ThirdParty:873 - entering critical section [close project]
2023-04-04 17:32:39,014 [INFO] ThirdParty:883 - exiting critical section [close project]
2023-04-04 17:32:39,026 [INFO] PinOutPanel:1499 - setPackage(No Configuration,No Configuration)
2023-04-04 17:32:39,048 [INFO] UtilMem:75 - Begin LoadConfig() Used Memory: 142762256 Bytes (517996544)
2023-04-04 17:44:26,378 [INFO] Activator:176 - 


2023-04-04 17:44:26,383 [INFO] Activator:177 - !SESSION log4j initialized
2023-04-04 17:44:32,937 [INFO] ApplicationProperties:184 - Using Application install path: C:\ST\STM32CubeIDE_1.12.0\STM32CubeIDE\plugins\com.st.stm32cube.common.mx_6.8.0.202302231600
2023-04-04 17:44:32,999 [INFO] DbMcusXml:78 - Set database path to: C:\ST\STM32CubeIDE_1.12.0\STM32CubeIDE\plugins\com.st.stm32cube.common.mx_6.8.0.202302231600\\db\/mcu/
2023-04-04 17:44:33,001 [INFO] ApiDb:274 - Set plugin database path to: C:\ST\STM32CubeIDE_1.12.0\STM32CubeIDE\plugins\com.st.stm32cube.common.mx_6.8.0.202302231600\\db\/plugins/boardmanager/
2023-04-04 17:44:33,026 [WARN] ApiDb:259 - Overriding images path with different value:  => C:\ST\STM32CubeIDE_1.12.0\STM32CubeIDE\plugins\com.st.stm32cube.common.mx_6.8.0.202302231600\\db\/plugins/mcufinder/images/
2023-04-04 17:44:33,074 [INFO] ApiDb:250 - Set database path to: C:\Users\hr193\.stmcufinder\plugins\mcufinder//mcu/
2023-04-04 17:44:33,076 [INFO] DbMcusAds:125 - Set database path to: C:\Users\hr193\.stmcufinder\plugins\mcufinder//mcu/
2023-04-04 17:44:33,102 [INFO] CrossReferenceDbSqlite:203 - Set database path to: C:\Users\hr193\.stmcufinder\plugins\mcufinder//mcu/cs/
2023-04-04 17:44:33,406 [INFO] RulesReader:64 - Compatibility file has been processed (293 Rules)
2023-04-04 17:44:33,759 [INFO] DbMcusXml:78 - Set database path to: C:\ST\STM32CubeIDE_1.12.0\STM32CubeIDE\plugins\com.st.stm32cube.common.mx_6.8.0.202302231600\\db\/mcu/
2023-04-04 17:44:33,760 [INFO] ApiDb:274 - Set plugin database path to: C:\ST\STM32CubeIDE_1.12.0\STM32CubeIDE\plugins\com.st.stm32cube.common.mx_6.8.0.202302231600\\db\/plugins/boardmanager/
2023-04-04 17:44:33,762 [INFO] ApiDb:261 - Set plugin images path to: C:\ST\STM32CubeIDE_1.12.0\STM32CubeIDE\plugins\com.st.stm32cube.common.mx_6.8.0.202302231600\\db\/plugins/mcufinder/images/
2023-04-04 17:44:33,763 [WARN] DbFile:41 - Overriding database path with different value: C:\Users\hr193\.stmcufinder\plugins\mcufinder/ => C:\Users\hr193\.stmcufinder\plugins\mcufinder
2023-04-04 17:44:33,763 [INFO] ApiDb:250 - Set database path to: C:\Users\hr193\.stmcufinder\plugins\mcufinder//mcu/
2023-04-04 17:44:33,764 [WARN] DbFile:41 - Overriding database path with different value: C:\Users\hr193\.stmcufinder\plugins\mcufinder/ => C:\Users\hr193\.stmcufinder\plugins\mcufinder
2023-04-04 17:44:33,764 [INFO] DbMcusAds:125 - Set database path to: C:\Users\hr193\.stmcufinder\plugins\mcufinder//mcu/
2023-04-04 17:44:33,765 [WARN] DbFile:41 - Overriding database path with different value: C:\Users\hr193\.stmcufinder\plugins\mcufinder/ => C:\Users\hr193\.stmcufinder\plugins\mcufinder
2023-04-04 17:44:33,765 [WARN] DbFile:41 - Overriding database path with different value: C:\Users\hr193\.stmcufinder\plugins\mcufinder/ => C:\Users\hr193\.stmcufinder\plugins\mcufinder
2023-04-04 17:44:33,765 [INFO] CrossReferenceDbSqlite:203 - Set database path to: C:\Users\hr193\.stmcufinder\plugins\mcufinder//mcu/cs/
2023-04-04 17:44:34,024 [INFO] MainPanel:253 - HeapMemory: 268435456
2023-04-04 17:44:34,339 [INFO] DbMcusXml:78 - Set database path to: C:\ST\STM32CubeIDE_1.12.0\STM32CubeIDE\plugins\com.st.stm32cube.common.mx_6.8.0.202302231600\\db\/mcu/
2023-04-04 17:44:34,339 [INFO] ApiDb:274 - Set plugin database path to: C:\ST\STM32CubeIDE_1.12.0\STM32CubeIDE\plugins\com.st.stm32cube.common.mx_6.8.0.202302231600\\db\/plugins/boardmanager/
2023-04-04 17:44:34,339 [INFO] ApiDb:261 - Set plugin images path to: C:\ST\STM32CubeIDE_1.12.0\STM32CubeIDE\plugins\com.st.stm32cube.common.mx_6.8.0.202302231600\\db\/plugins/mcufinder/images/
2023-04-04 17:44:34,340 [WARN] DbFile:41 - Overriding database path with different value: C:\Users\hr193\.stmcufinder\plugins\mcufinder/ => C:\Users\hr193\.stmcufinder\plugins\mcufinder
2023-04-04 17:44:34,341 [INFO] ApiDb:250 - Set database path to: C:\Users\hr193\.stmcufinder\plugins\mcufinder//mcu/
2023-04-04 17:44:34,341 [WARN] DbFile:41 - Overriding database path with different value: C:\Users\hr193\.stmcufinder\plugins\mcufinder/ => C:\Users\hr193\.stmcufinder\plugins\mcufinder
2023-04-04 17:44:34,341 [INFO] DbMcusAds:125 - Set database path to: C:\Users\hr193\.stmcufinder\plugins\mcufinder//mcu/
2023-04-04 17:44:34,341 [WARN] DbFile:41 - Overriding database path with different value: C:\Users\hr193\.stmcufinder\plugins\mcufinder/ => C:\Users\hr193\.stmcufinder\plugins\mcufinder
2023-04-04 17:44:34,343 [WARN] DbFile:41 - Overriding database path with different value: C:\Users\hr193\.stmcufinder\plugins\mcufinder/ => C:\Users\hr193\.stmcufinder\plugins\mcufinder
2023-04-04 17:44:34,343 [INFO] CrossReferenceDbSqlite:203 - Set database path to: C:\Users\hr193\.stmcufinder\plugins\mcufinder//mcu/cs/
2023-04-04 17:44:34,392 [INFO] ApplicationProperties:184 - Using Application install path: C:\ST\STM32CubeIDE_1.12.0\STM32CubeIDE\plugins\com.st.stm32cube.common.mx_6.8.0.202302231600
2023-04-04 17:44:34,397 [INFO] PluginManage:196 - Search for loadable plugins [exclusion list=, ]
2023-04-04 17:44:34,403 [INFO] PluginManage:310 - Check plugin analytics
2023-04-04 17:44:35,207 [INFO] AnalyticsPlugin:253 - Accepted Software Licenses: 
2023-04-04 17:44:35,207 [INFO] AnalyticsPlugin:255 - Accepted CMSIS Pack Licenses: 
2023-04-04 17:44:35,208 [INFO] AnalyticsPlugin:257 - Accepted Firmware Licenses: 
2023-04-04 17:44:35,339 [INFO] PluginManage:359 - Loaded plugin analytics (category:tool,tabindex:-1)
2023-04-04 17:44:35,341 [INFO] PluginManage:310 - Check plugin cadmodel
2023-04-04 17:44:35,501 [INFO] CADModel:105 - Init CAD model plugin
2023-04-04 17:44:35,502 [INFO] PluginManage:359 - Loaded plugin cadmodel (category:power,tabindex:5)
2023-04-04 17:44:35,503 [INFO] PluginManage:310 - Check plugin clock
2023-04-04 17:44:35,569 [INFO] PluginManage:359 - Loaded plugin clock (category:base,tabindex:2)
2023-04-04 17:44:35,570 [INFO] PluginManage:310 - Check plugin ddr
2023-04-04 17:44:35,579 [INFO] PluginManage:359 - Loaded plugin ddr (category:tool,tabindex:6)
2023-04-04 17:44:35,580 [INFO] PluginManage:310 - Check plugin filemanager
2023-04-04 17:44:36,158 [INFO] PluginManage:359 - Loaded plugin filemanager (category:base,tabindex:10)
2023-04-04 17:44:36,158 [INFO] PluginManage:310 - Check plugin ipmanager
2023-04-04 17:44:36,199 [INFO] PluginManage:359 - Loaded plugin ipmanager (category:base,tabindex:5)
2023-04-04 17:44:36,200 [INFO] PluginManage:310 - Check plugin lpbam
2023-04-04 17:44:36,260 [INFO] PluginManage:359 - Loaded plugin lpbam (category:base,tabindex:0)
2023-04-04 17:44:36,262 [INFO] PluginManage:310 - Check plugin pinoutandconfiguration
2023-04-04 17:44:36,305 [INFO] PluginManage:359 - Loaded plugin pinoutandconfiguration (category:base,tabindex:1)
2023-04-04 17:44:36,305 [INFO] PluginManage:310 - Check plugin pinoutconfig
2023-04-04 17:44:36,546 [WARN] SupportedApi:132 - Cannot load RTOS API schema: s4s-elt-must-match.1: The content of 'definitions' must match (annotation?, (simpleType | complexType)?, (unique | key | keyref)*)). A problem was found starting at: attribute.
2023-04-04 17:44:37,238 [INFO] PluginManage:359 - Loaded plugin pinoutconfig (category:base,tabindex:0)
2023-04-04 17:44:37,238 [INFO] PluginManage:310 - Check plugin power
2023-04-04 17:44:37,283 [INFO] PluginManage:359 - Loaded plugin power (category:power,tabindex:4)
2023-04-04 17:44:37,284 [INFO] PluginManage:310 - Check plugin projectmanager
2023-04-04 17:44:37,332 [INFO] PluginManage:359 - Loaded plugin projectmanager (category:projectmanager,tabindex:3)
2023-04-04 17:44:37,333 [INFO] PluginManage:310 - Check plugin thirdparty
2023-04-04 17:44:37,925 [INFO] PluginManage:359 - Loaded plugin thirdparty (category:base,tabindex:-1)
2023-04-04 17:44:37,926 [INFO] PluginManage:310 - Check plugin tools
2023-04-04 17:44:37,926 [WARN] IntegrityCheckThread:84 - waiting for thirdparty lock release [integrity check]
2023-04-04 17:44:37,928 [INFO] IntegrityCheckThread:86 - entering critical section [integrity check]
2023-04-04 17:44:37,942 [INFO] ThirdPartyUpdaterWithRetryManager:70 - Updater plugin not ready yet. [1/15]
2023-04-04 17:44:38,004 [INFO] PluginManage:359 - Loaded plugin tools (category:base,tabindex:7)
2023-04-04 17:44:38,004 [INFO] PluginManage:310 - Check plugin tutovideos
2023-04-04 17:44:38,607 [INFO] PluginManage:359 - Loaded plugin tutovideos (category:base,tabindex:-1)
2023-04-04 17:44:38,607 [INFO] PluginManage:310 - Check plugin updater
2023-04-04 17:44:38,640 [INFO] PluginManage:359 - Loaded plugin updater (category:base,tabindex:12)
2023-04-04 17:44:38,642 [INFO] PluginManage:283 - PluginManage : Loaded plugins [15]
2023-04-04 17:44:39,406 [INFO] PinOutPanel:1499 - setPackage(No Configuration,No Configuration)
2023-04-04 17:44:39,585 [INFO] CADModel:165 - CPN selected for project level
2023-04-04 17:44:39,586 [INFO] CADModel:114 - Register for checkConnection events
2023-04-04 17:44:39,648 [INFO] IPUIPlugin:80 - create IPUIPlugin
2023-04-04 17:44:39,649 [INFO] PluginManager:220 - loadIPPluginJar : add adc
2023-04-04 17:44:39,713 [INFO] IPUIPlugin:80 - create IPUIPlugin
2023-04-04 17:44:39,715 [INFO] PluginManager:220 - loadIPPluginJar : add aes
2023-04-04 17:44:39,777 [INFO] IPUIPlugin:80 - create IPUIPlugin
2023-04-04 17:44:39,777 [INFO] PluginManager:220 - loadIPPluginJar : add can
2023-04-04 17:44:39,821 [INFO] IPUIPlugin:80 - create IPUIPlugin
2023-04-04 17:44:39,821 [INFO] PluginManager:220 - loadIPPluginJar : add comp
2023-04-04 17:44:39,884 [INFO] IPUIPlugin:80 - create IPUIPlugin
2023-04-04 17:44:39,884 [INFO] PluginManager:220 - loadIPPluginJar : add cryp
2023-04-04 17:44:39,933 [INFO] IPUIPlugin:80 - create IPUIPlugin
2023-04-04 17:44:39,933 [INFO] PluginManager:220 - loadIPPluginJar : add dfsdm
2023-04-04 17:44:39,960 [INFO] IPUIPlugin:80 - create IPUIPlugin
2023-04-04 17:44:39,961 [INFO] PluginManager:220 - loadIPPluginJar : add dma
2023-04-04 17:44:40,040 [INFO] IPUIPlugin:80 - create IPUIPlugin
2023-04-04 17:44:40,040 [INFO] PluginManager:220 - loadIPPluginJar : add dma3
2023-04-04 17:44:40,075 [INFO] IPUIPlugin:80 - create IPUIPlugin
2023-04-04 17:44:40,075 [INFO] PluginManager:220 - loadIPPluginJar : add fatfs
2023-04-04 17:44:40,173 [INFO] IPUIPlugin:80 - create IPUIPlugin
2023-04-04 17:44:40,174 [INFO] PluginManager:220 - loadIPPluginJar : add fmc
2023-04-04 17:44:40,204 [INFO] IPUIPlugin:80 - create IPUIPlugin
2023-04-04 17:44:40,204 [INFO] PluginManager:220 - loadIPPluginJar : add freertos
2023-04-04 17:44:40,247 [INFO] IPUIPlugin:80 - create IPUIPlugin
2023-04-04 17:44:40,247 [INFO] PluginManager:220 - loadIPPluginJar : add genericplugin
2023-04-04 19:16:49,696 [INFO] Activator:176 - 


2023-04-04 19:16:49,702 [INFO] Activator:177 - !SESSION log4j initialized
2023-04-04 19:16:53,528 [INFO] ApplicationProperties:184 - Using Application install path: C:\ST\STM32CubeIDE_1.12.0\STM32CubeIDE\plugins\com.st.stm32cube.common.mx_6.8.0.202302231600
2023-04-04 19:16:53,556 [INFO] DbMcusXml:78 - Set database path to: C:\ST\STM32CubeIDE_1.12.0\STM32CubeIDE\plugins\com.st.stm32cube.common.mx_6.8.0.202302231600\\db\/mcu/
2023-04-04 19:16:53,556 [INFO] ApiDb:274 - Set plugin database path to: C:\ST\STM32CubeIDE_1.12.0\STM32CubeIDE\plugins\com.st.stm32cube.common.mx_6.8.0.202302231600\\db\/plugins/boardmanager/
2023-04-04 19:16:53,563 [WARN] ApiDb:259 - Overriding images path with different value:  => C:\ST\STM32CubeIDE_1.12.0\STM32CubeIDE\plugins\com.st.stm32cube.common.mx_6.8.0.202302231600\\db\/plugins/mcufinder/images/
2023-04-04 19:16:53,588 [INFO] ApiDb:250 - Set database path to: C:\Users\hr193\.stmcufinder\plugins\mcufinder//mcu/
2023-04-04 19:16:53,590 [INFO] DbMcusAds:125 - Set database path to: C:\Users\hr193\.stmcufinder\plugins\mcufinder//mcu/
2023-04-04 19:16:53,634 [INFO] CrossReferenceDbSqlite:203 - Set database path to: C:\Users\hr193\.stmcufinder\plugins\mcufinder//mcu/cs/
2023-04-04 19:16:53,826 [INFO] RulesReader:64 - Compatibility file has been processed (293 Rules)
2023-04-04 19:16:54,292 [INFO] DbMcusXml:78 - Set database path to: C:\ST\STM32CubeIDE_1.12.0\STM32CubeIDE\plugins\com.st.stm32cube.common.mx_6.8.0.202302231600\\db\/mcu/
2023-04-04 19:16:54,292 [INFO] ApiDb:274 - Set plugin database path to: C:\ST\STM32CubeIDE_1.12.0\STM32CubeIDE\plugins\com.st.stm32cube.common.mx_6.8.0.202302231600\\db\/plugins/boardmanager/
2023-04-04 19:16:54,293 [INFO] ApiDb:261 - Set plugin images path to: C:\ST\STM32CubeIDE_1.12.0\STM32CubeIDE\plugins\com.st.stm32cube.common.mx_6.8.0.202302231600\\db\/plugins/mcufinder/images/
2023-04-04 19:16:54,293 [WARN] DbFile:41 - Overriding database path with different value: C:\Users\hr193\.stmcufinder\plugins\mcufinder/ => C:\Users\hr193\.stmcufinder\plugins\mcufinder
2023-04-04 19:16:54,294 [INFO] ApiDb:250 - Set database path to: C:\Users\hr193\.stmcufinder\plugins\mcufinder//mcu/
2023-04-04 19:16:54,294 [WARN] DbFile:41 - Overriding database path with different value: C:\Users\hr193\.stmcufinder\plugins\mcufinder/ => C:\Users\hr193\.stmcufinder\plugins\mcufinder
2023-04-04 19:16:54,294 [INFO] DbMcusAds:125 - Set database path to: C:\Users\hr193\.stmcufinder\plugins\mcufinder//mcu/
2023-04-04 19:16:54,294 [WARN] DbFile:41 - Overriding database path with different value: C:\Users\hr193\.stmcufinder\plugins\mcufinder/ => C:\Users\hr193\.stmcufinder\plugins\mcufinder
2023-04-04 19:16:54,294 [WARN] DbFile:41 - Overriding database path with different value: C:\Users\hr193\.stmcufinder\plugins\mcufinder/ => C:\Users\hr193\.stmcufinder\plugins\mcufinder
2023-04-04 19:16:54,295 [INFO] CrossReferenceDbSqlite:203 - Set database path to: C:\Users\hr193\.stmcufinder\plugins\mcufinder//mcu/cs/
2023-04-04 19:16:54,432 [INFO] MainPanel:253 - HeapMemory: 268435456
2023-04-04 19:16:54,631 [INFO] DbMcusXml:78 - Set database path to: C:\ST\STM32CubeIDE_1.12.0\STM32CubeIDE\plugins\com.st.stm32cube.common.mx_6.8.0.202302231600\\db\/mcu/
2023-04-04 19:16:54,632 [INFO] ApiDb:274 - Set plugin database path to: C:\ST\STM32CubeIDE_1.12.0\STM32CubeIDE\plugins\com.st.stm32cube.common.mx_6.8.0.202302231600\\db\/plugins/boardmanager/
2023-04-04 19:16:54,632 [INFO] ApiDb:261 - Set plugin images path to: C:\ST\STM32CubeIDE_1.12.0\STM32CubeIDE\plugins\com.st.stm32cube.common.mx_6.8.0.202302231600\\db\/plugins/mcufinder/images/
2023-04-04 19:16:54,633 [WARN] DbFile:41 - Overriding database path with different value: C:\Users\hr193\.stmcufinder\plugins\mcufinder/ => C:\Users\hr193\.stmcufinder\plugins\mcufinder
2023-04-04 19:16:54,634 [INFO] ApiDb:250 - Set database path to: C:\Users\hr193\.stmcufinder\plugins\mcufinder//mcu/
2023-04-04 19:16:54,634 [WARN] DbFile:41 - Overriding database path with different value: C:\Users\hr193\.stmcufinder\plugins\mcufinder/ => C:\Users\hr193\.stmcufinder\plugins\mcufinder
2023-04-04 19:16:54,634 [INFO] DbMcusAds:125 - Set database path to: C:\Users\hr193\.stmcufinder\plugins\mcufinder//mcu/
2023-04-04 19:16:54,634 [WARN] DbFile:41 - Overriding database path with different value: C:\Users\hr193\.stmcufinder\plugins\mcufinder/ => C:\Users\hr193\.stmcufinder\plugins\mcufinder
2023-04-04 19:16:54,634 [WARN] DbFile:41 - Overriding database path with different value: C:\Users\hr193\.stmcufinder\plugins\mcufinder/ => C:\Users\hr193\.stmcufinder\plugins\mcufinder
2023-04-04 19:16:54,635 [INFO] CrossReferenceDbSqlite:203 - Set database path to: C:\Users\hr193\.stmcufinder\plugins\mcufinder//mcu/cs/
2023-04-04 19:16:54,703 [INFO] ApplicationProperties:184 - Using Application install path: C:\ST\STM32CubeIDE_1.12.0\STM32CubeIDE\plugins\com.st.stm32cube.common.mx_6.8.0.202302231600
2023-04-04 19:16:54,707 [INFO] PluginManage:196 - Search for loadable plugins [exclusion list=, ]
2023-04-04 19:16:54,711 [INFO] PluginManage:310 - Check plugin analytics
2023-04-04 19:16:55,249 [INFO] AnalyticsPlugin:253 - Accepted Software Licenses: 
2023-04-04 19:16:55,250 [INFO] AnalyticsPlugin:255 - Accepted CMSIS Pack Licenses: 
2023-04-04 19:16:55,251 [INFO] AnalyticsPlugin:257 - Accepted Firmware Licenses: 
2023-04-04 19:16:55,270 [INFO] PluginManage:359 - Loaded plugin analytics (category:tool,tabindex:-1)
2023-04-04 19:16:55,270 [INFO] PluginManage:310 - Check plugin cadmodel
2023-04-04 19:16:55,366 [INFO] CADModel:105 - Init CAD model plugin
2023-04-04 19:16:55,366 [INFO] PluginManage:359 - Loaded plugin cadmodel (category:power,tabindex:5)
2023-04-04 19:16:55,367 [INFO] PluginManage:310 - Check plugin clock
2023-04-04 19:16:55,409 [INFO] PluginManage:359 - Loaded plugin clock (category:base,tabindex:2)
2023-04-04 19:16:55,409 [INFO] PluginManage:310 - Check plugin ddr
2023-04-04 19:16:55,417 [INFO] PluginManage:359 - Loaded plugin ddr (category:tool,tabindex:6)
2023-04-04 19:16:55,417 [INFO] PluginManage:310 - Check plugin filemanager
2023-04-04 19:16:55,764 [INFO] PluginManage:359 - Loaded plugin filemanager (category:base,tabindex:10)
2023-04-04 19:16:55,765 [INFO] PluginManage:310 - Check plugin ipmanager
2023-04-04 19:16:55,789 [INFO] PluginManage:359 - Loaded plugin ipmanager (category:base,tabindex:5)
2023-04-04 19:16:55,789 [INFO] PluginManage:310 - Check plugin lpbam
2023-04-04 19:16:55,825 [INFO] PluginManage:359 - Loaded plugin lpbam (category:base,tabindex:0)
2023-04-04 19:16:55,825 [INFO] PluginManage:310 - Check plugin pinoutandconfiguration
2023-04-04 19:16:55,862 [INFO] PluginManage:359 - Loaded plugin pinoutandconfiguration (category:base,tabindex:1)
2023-04-04 19:16:55,862 [INFO] PluginManage:310 - Check plugin pinoutconfig
2023-04-04 19:16:56,036 [WARN] SupportedApi:132 - Cannot load RTOS API schema: s4s-elt-must-match.1: The content of 'definitions' must match (annotation?, (simpleType | complexType)?, (unique | key | keyref)*)). A problem was found starting at: attribute.
2023-04-04 19:16:56,481 [INFO] PluginManage:359 - Loaded plugin pinoutconfig (category:base,tabindex:0)
2023-04-04 19:16:56,482 [INFO] PluginManage:310 - Check plugin power
2023-04-04 19:16:56,555 [INFO] PluginManage:359 - Loaded plugin power (category:power,tabindex:4)
2023-04-04 19:16:56,555 [INFO] PluginManage:310 - Check plugin projectmanager
2023-04-04 19:16:56,626 [INFO] PluginManage:359 - Loaded plugin projectmanager (category:projectmanager,tabindex:3)
2023-04-04 19:16:56,626 [INFO] PluginManage:310 - Check plugin thirdparty
2023-04-04 19:16:57,274 [INFO] PluginManage:359 - Loaded plugin thirdparty (category:base,tabindex:-1)
2023-04-04 19:16:57,274 [WARN] IntegrityCheckThread:84 - waiting for thirdparty lock release [integrity check]
2023-04-04 19:16:57,275 [INFO] PluginManage:310 - Check plugin tools
2023-04-04 19:16:57,275 [INFO] IntegrityCheckThread:86 - entering critical section [integrity check]
2023-04-04 19:16:57,283 [INFO] ThirdPartyUpdaterWithRetryManager:70 - Updater plugin not ready yet. [1/15]
2023-04-04 19:16:57,334 [INFO] PluginManage:359 - Loaded plugin tools (category:base,tabindex:7)
2023-04-04 19:16:57,334 [INFO] PluginManage:310 - Check plugin tutovideos
2023-04-04 19:16:57,808 [INFO] PluginManage:359 - Loaded plugin tutovideos (category:base,tabindex:-1)
2023-04-04 19:16:57,811 [INFO] PluginManage:310 - Check plugin updater
2023-04-04 19:16:57,880 [INFO] PluginManage:359 - Loaded plugin updater (category:base,tabindex:12)
2023-04-04 19:16:57,882 [INFO] PluginManage:283 - PluginManage : Loaded plugins [15]
2023-04-04 19:16:58,474 [INFO] PinOutPanel:1499 - setPackage(No Configuration,No Configuration)
2023-04-04 19:16:58,596 [INFO] CADModel:165 - CPN selected for project level
2023-04-04 19:16:58,596 [INFO] CADModel:114 - Register for checkConnection events
2023-04-04 19:16:58,643 [INFO] IPUIPlugin:80 - create IPUIPlugin
2023-04-04 19:16:58,644 [INFO] PluginManager:220 - loadIPPluginJar : add adc
2023-04-04 19:16:58,693 [INFO] IPUIPlugin:80 - create IPUIPlugin
2023-04-04 19:16:58,693 [INFO] PluginManager:220 - loadIPPluginJar : add aes
2023-04-04 19:16:58,753 [INFO] IPUIPlugin:80 - create IPUIPlugin
2023-04-04 19:16:58,754 [INFO] PluginManager:220 - loadIPPluginJar : add can
2023-04-04 19:16:58,785 [INFO] IPUIPlugin:80 - create IPUIPlugin
2023-04-04 19:16:58,786 [INFO] PluginManager:220 - loadIPPluginJar : add comp
2023-04-04 19:16:58,828 [INFO] IPUIPlugin:80 - create IPUIPlugin
2023-04-04 19:16:58,828 [INFO] PluginManager:220 - loadIPPluginJar : add cryp
2023-04-04 19:16:58,867 [INFO] IPUIPlugin:80 - create IPUIPlugin
2023-04-04 19:16:58,867 [INFO] PluginManager:220 - loadIPPluginJar : add dfsdm
2023-04-04 19:16:58,887 [INFO] IPUIPlugin:80 - create IPUIPlugin
2023-04-04 19:16:58,888 [INFO] PluginManager:220 - loadIPPluginJar : add dma
2023-04-04 19:16:58,946 [INFO] IPUIPlugin:80 - create IPUIPlugin
2023-04-04 19:16:58,947 [INFO] PluginManager:220 - loadIPPluginJar : add dma3
2023-04-04 19:16:58,969 [INFO] IPUIPlugin:80 - create IPUIPlugin
2023-04-04 19:16:58,969 [INFO] PluginManager:220 - loadIPPluginJar : add fatfs
2023-04-04 19:16:59,022 [INFO] IPUIPlugin:80 - create IPUIPlugin
2023-04-04 19:16:59,022 [INFO] PluginManager:220 - loadIPPluginJar : add fmc
2023-04-04 19:16:59,040 [INFO] IPUIPlugin:80 - create IPUIPlugin
2023-04-04 19:16:59,040 [INFO] PluginManager:220 - loadIPPluginJar : add freertos
2023-04-04 19:16:59,062 [INFO] IPUIPlugin:80 - create IPUIPlugin
2023-04-04 19:16:59,063 [INFO] PluginManager:220 - loadIPPluginJar : add genericplugin
2023-04-04 19:16:59,164 [INFO] IPUIPlugin:80 - create IPUIPlugin
2023-04-04 19:16:59,164 [INFO] PluginManager:220 - loadIPPluginJar : add gfxmmu
2023-04-04 19:16:59,328 [INFO] IPUIPlugin:80 - create IPUIPlugin
2023-04-04 19:16:59,329 [INFO] PluginManager:220 - loadIPPluginJar : add gic
2023-04-04 19:16:59,344 [INFO] IPUIPlugin:80 - create IPUIPlugin
2023-04-04 19:16:59,344 [INFO] PluginManager:220 - loadIPPluginJar : add gpio
2023-04-04 19:16:59,444 [INFO] IPUIPlugin:80 - create IPUIPlugin
2023-04-04 19:16:59,444 [INFO] PluginManager:220 - loadIPPluginJar : add gtzc
2023-04-04 19:16:59,480 [INFO] IPUIPlugin:80 - create IPUIPlugin
2023-04-04 19:16:59,480 [INFO] PluginManager:220 - loadIPPluginJar : add hash
2023-04-04 19:16:59,541 [INFO] IPUIPlugin:80 - create IPUIPlugin
2023-04-04 19:16:59,541 [INFO] PluginManager:220 - loadIPPluginJar : add i2c
2023-04-04 19:16:59,582 [INFO] IPUIPlugin:80 - create IPUIPlugin
2023-04-04 19:16:59,582 [INFO] PluginManager:220 - loadIPPluginJar : add i2s
2023-04-04 19:16:59,625 [INFO] IPUIPlugin:80 - create IPUIPlugin
2023-04-04 19:16:59,625 [INFO] PluginManager:220 - loadIPPluginJar : add i3c
2023-04-04 19:16:59,736 [INFO] IPUIPlugin:80 - create IPUIPlugin
2023-04-04 19:16:59,737 [INFO] PluginManager:220 - loadIPPluginJar : add ipddr
2023-04-04 19:16:59,838 [INFO] IPUIPlugin:80 - create IPUIPlugin
2023-04-04 19:16:59,838 [INFO] PluginManager:220 - loadIPPluginJar : add linkedlist
2023-04-04 19:16:59,872 [INFO] IPUIPlugin:80 - create IPUIPlugin
2023-04-04 19:16:59,872 [INFO] PluginManager:220 - loadIPPluginJar : add lorawan
2023-04-04 19:16:59,911 [INFO] IPUIPlugin:80 - create IPUIPlugin
2023-04-04 19:16:59,911 [INFO] PluginManager:220 - loadIPPluginJar : add ltdc
2023-04-04 19:16:59,927 [INFO] IPUIPlugin:80 - create IPUIPlugin
2023-04-04 19:16:59,928 [INFO] PluginManager:220 - loadIPPluginJar : add mdma
2023-04-04 19:16:59,941 [INFO] IPUIPlugin:80 - create IPUIPlugin
2023-04-04 19:16:59,941 [INFO] PluginManager:220 - loadIPPluginJar : add nvic
2023-04-04 19:16:59,978 [INFO] IPUIPlugin:80 - create IPUIPlugin
2023-04-04 19:16:59,979 [INFO] PluginManager:220 - loadIPPluginJar : add opamp
2023-04-04 19:17:00,059 [INFO] IPUIPlugin:80 - create IPUIPlugin
2023-04-04 19:17:00,059 [INFO] PluginManager:220 - loadIPPluginJar : add openamp
2023-04-04 19:17:00,111 [INFO] IPUIPlugin:80 - create IPUIPlugin
2023-04-04 19:17:00,111 [INFO] PluginManager:220 - loadIPPluginJar : add pdm2pcm
2023-04-04 19:17:00,128 [INFO] IPUIPlugin:80 - create IPUIPlugin
2023-04-04 19:17:00,134 [INFO] PluginManager:220 - loadIPPluginJar : add plateformsettings
2023-04-04 19:17:00,156 [INFO] IPUIPlugin:80 - create IPUIPlugin
2023-04-04 19:17:00,156 [INFO] PluginManager:220 - loadIPPluginJar : add quadspi
2023-04-04 19:17:00,171 [INFO] IPUIPlugin:80 - create IPUIPlugin
2023-04-04 19:17:00,172 [INFO] PluginManager:220 - loadIPPluginJar : add resmgrutility
2023-04-04 19:17:00,245 [INFO] IPUIPlugin:80 - create IPUIPlugin
2023-04-04 19:17:00,246 [INFO] PluginManager:220 - loadIPPluginJar : add sai
2023-04-04 19:17:00,284 [INFO] ThirdPartyUpdaterWithRetryManager:70 - Updater plugin not ready yet. [2/15]
2023-04-04 19:17:00,295 [INFO] IPUIPlugin:80 - create IPUIPlugin
2023-04-04 19:17:00,295 [INFO] PluginManager:220 - loadIPPluginJar : add spi
2023-04-04 19:17:00,364 [INFO] IPUIPlugin:80 - create IPUIPlugin
2023-04-04 19:17:00,364 [INFO] PluginManager:220 - loadIPPluginJar : add stm32_wpan
2023-04-04 19:17:00,392 [INFO] IPUIPlugin:80 - create IPUIPlugin
2023-04-04 19:17:00,392 [INFO] PluginManager:220 - loadIPPluginJar : add tim
2023-04-04 19:17:00,458 [INFO] IPUIPlugin:80 - create IPUIPlugin
2023-04-04 19:17:00,458 [INFO] PluginManager:220 - loadIPPluginJar : add touchsensing
2023-04-04 19:17:00,483 [INFO] IPUIPlugin:80 - create IPUIPlugin
2023-04-04 19:17:00,483 [INFO] PluginManager:220 - loadIPPluginJar : add tracer_emb
2023-04-04 19:17:00,508 [INFO] IPUIPlugin:80 - create IPUIPlugin
2023-04-04 19:17:00,508 [INFO] PluginManager:220 - loadIPPluginJar : add ts
2023-04-04 19:17:00,531 [INFO] IPUIPlugin:80 - create IPUIPlugin
2023-04-04 19:17:00,531 [INFO] PluginManager:220 - loadIPPluginJar : add tsc
2023-04-04 19:17:00,554 [INFO] IPUIPlugin:80 - create IPUIPlugin
2023-04-04 19:17:00,554 [INFO] PluginManager:220 - loadIPPluginJar : add ucpd
2023-04-04 19:17:00,602 [INFO] IPUIPlugin:80 - create IPUIPlugin
2023-04-04 19:17:00,602 [INFO] PluginManager:220 - loadIPPluginJar : add usart
2023-04-04 19:17:00,647 [INFO] IPUIPlugin:80 - create IPUIPlugin
2023-04-04 19:17:00,647 [INFO] PluginManager:220 - loadIPPluginJar : add usbx
2023-04-04 19:17:00,810 [INFO] CADModel:165 - CPN selected for project level
2023-04-04 19:17:00,810 [INFO] CADModel:114 - Register for checkConnection events
2023-04-04 19:17:00,810 [FATAL] Updater:308 - Updater called before beeing initialized
2023-04-04 19:17:00,810 [ERROR] CADModel:125 - Updater not yet initialized, retry later 
2023-04-04 19:17:01,058 [INFO] CADModel:165 - CPN selected for project level
2023-04-04 19:17:01,058 [INFO] CADModel:114 - Register for checkConnection events
2023-04-04 19:17:01,059 [FATAL] Updater:308 - Updater called before beeing initialized
2023-04-04 19:17:01,059 [ERROR] CADModel:125 - Updater not yet initialized, retry later 
2023-04-04 19:17:01,065 [FATAL] Updater:308 - Updater called before beeing initialized
2023-04-04 19:17:01,282 [FATAL] Updater:308 - Updater called before beeing initialized
2023-04-04 19:17:01,312 [INFO] DbMcusAds:53 - JSON generation date=Thu Sep 30 08:55:09 CEST 2021 (1632984909247)
2023-04-04 19:17:01,312 [FATAL] Updater:308 - Updater called before beeing initialized
2023-04-04 19:17:01,393 [WARN] DetailPanel:346 - Failed to get advertising image, set to default
2023-04-04 19:17:01,618 [FATAL] Updater:308 - Updater called before beeing initialized
2023-04-04 19:17:01,622 [FATAL] Updater:308 - Updater called before beeing initialized
2023-04-04 19:17:01,622 [FATAL] Updater:308 - Updater called before beeing initialized
2023-04-04 19:17:01,624 [WARN] DetailPanel:346 - Failed to get advertising image, set to default
2023-04-04 19:17:01,625 [FATAL] Updater:308 - Updater called before beeing initialized
2023-04-04 19:17:01,729 [ERROR] Updater:1120 - MainUpdater not yet initialized. External WinMGr cannot be set.
2023-04-04 19:17:01,746 [INFO] Updater:1056 - Updater Version found : 6.8.0
2023-04-04 19:17:01,778 [INFO] ApplicationProperties:184 - Using Application install path: C:\ST\STM32CubeIDE_1.12.0\STM32CubeIDE\plugins\com.st.stm32cube.common.mx_6.8.0.202302231600
2023-04-04 19:17:02,811 [INFO] MainUpdater:2854 - connection check result : 10
2023-04-04 19:17:02,813 [INFO] MainUpdater:283 - Updater Check For Update Now.
2023-04-04 19:17:02,813 [INFO] MicroXplorer:498 - Change Database Version : DB.6.0.80
2023-04-04 19:17:03,094 [INFO] CheckServerUpdateThread:120 - End of CheckServer Thread
2023-04-04 19:17:03,116 [INFO] MainUpdater:2854 - connection check result : 10
2023-04-04 19:17:03,128 [INFO] MainUpdater:2854 - connection check result : 10
2023-04-04 19:17:03,607 [INFO] MicroXplorer:468 - Change Database Path : 
2023-04-04 19:17:03,608 [INFO] MicroXplorer:498 - Change Database Version : DB.6.0.80
2023-04-04 19:17:03,608 [WARN] ThirdParty:871 - waiting for thirdparty lock release [close project]
2023-04-04 19:17:03,624 [WARN] PackLoader:240 - Cannot read IP mode file for STMicroelectronics.X-CUBE-GNSS1.6.0.0
2023-04-04 19:17:03,840 [WARN] PackLoader:240 - Cannot read IP mode file for STMicroelectronics.X-CUBE-AZRTOS-F4.1.1.0
2023-04-04 19:17:03,983 [WARN] PackLoader:240 - Cannot read IP mode file for wolfSSL.I-CUBE-wolfSSL.5.6.0
2023-04-04 19:17:04,057 [WARN] PackLoader:240 - Cannot read IP mode file for STMicroelectronics.X-CUBE-AZRTOS-F7.1.1.0
2023-04-04 19:17:04,096 [WARN] PackLoader:240 - Cannot read IP mode file for STMicroelectronics.X-CUBE-BLE1.6.2.4
2023-04-04 19:17:04,139 [WARN] PackLoader:240 - Cannot read IP mode file for emotas.I-CUBE-CANOPEN.1.1.3
2023-04-04 19:17:04,174 [WARN] PackLoader:240 - Cannot read IP mode file for STMicroelectronics.X-CUBE-BLEMGR.2.0.0
2023-04-04 19:17:04,210 [WARN] PackLoader:240 - Cannot read IP mode file for STMicroelectronics.X-CUBE-DISPLAY.3.0.0
2023-04-04 19:17:04,249 [WARN] PackLoader:240 - Cannot read IP mode file for STMicroelectronics.X-CUBE-NFC7.1.0.0
2023-04-04 19:17:04,279 [WARN] PackLoader:240 - Cannot read IP mode file for STMicroelectronics.X-CUBE-EEPRMA1.4.1.0
2023-04-04 19:17:04,332 [WARN] PackLoader:240 - Cannot read IP mode file for WES.I-CUBE-Cesium.1.3.0
2023-04-04 19:17:04,388 [WARN] PackLoader:240 - Cannot read IP mode file for STMicroelectronics.X-CUBE-SFXS2LP1.4.0.0
2023-04-04 19:17:04,438 [WARN] PackLoader:240 - Cannot read IP mode file for STMicroelectronics.X-CUBE-BLE2.3.3.0
2023-04-04 19:17:04,509 [WARN] PackLoader:240 - Cannot read IP mode file for STMicroelectronics.X-CUBE-AZRTOS-H7.3.0.0
2023-04-04 19:17:04,539 [WARN] PackLoader:240 - Cannot read IP mode file for STMicroelectronics.X-CUBE-ISPU.1.1.0
2023-04-04 19:17:04,572 [WARN] PackLoader:240 - Cannot read IP mode file for RoweBots.I-CUBE-UNISONRTOS.5.5.0-4
2023-04-04 19:17:04,597 [WARN] PackLoader:240 - Cannot read IP mode file for STMicroelectronics.X-CUBE-AI.8.0.0
2023-04-04 19:17:04,623 [WARN] PackLoader:240 - Cannot read IP mode file for STMicroelectronics.X-CUBE-FREERTOS.1.0.0
2023-04-04 19:17:04,653 [WARN] PackLoader:240 - Cannot read IP mode file for STMicroelectronics.X-CUBE-TOUCHGFX.4.21.3
2023-04-04 19:17:04,728 [WARN] PackLoader:240 - Cannot read IP mode file for STMicroelectronics.X-CUBE-ALGOBUILD.1.3.0
2023-04-04 19:17:04,798 [WARN] PackLoader:240 - Cannot read IP mode file for STMicroelectronics.X-CUBE-AZRTOS-L5.1.1.0
2023-04-04 19:17:04,872 [WARN] PackLoader:240 - Cannot read IP mode file for STMicroelectronics.X-CUBE-AZRTOS-G0.1.1.0
2023-04-04 19:17:04,921 [WARN] PackLoader:240 - Cannot read IP mode file for STMicroelectronics.X-CUBE-SUBG2.5.0.0
2023-04-04 19:17:04,963 [WARN] PackLoader:240 - Cannot read IP mode file for STMicroelectronics.X-CUBE-NFC4.3.0.0
2023-04-04 19:17:05,028 [WARN] PackLoader:240 - Cannot read IP mode file for STMicroelectronics.X-CUBE-TOF1.3.3.0
2023-04-04 19:17:05,087 [WARN] PackLoader:240 - Cannot read IP mode file for STMicroelectronics.FP-ATR-ASTRA1.1.1.1
2023-04-04 19:17:05,201 [WARN] PackLoader:240 - Cannot read IP mode file for STMicroelectronics.X-CUBE-AZRTOS-G4.1.0.0
2023-04-04 19:17:05,230 [WARN] PackLoader:240 - Cannot read IP mode file for STMicroelectronics.FP-ATR-SIGFOX1.3.2.0
2023-04-04 19:17:05,296 [WARN] PackLoader:240 - Cannot read IP mode file for STMicroelectronics.X-CUBE-AZRTOS-L4.1.0.0
2023-04-04 19:17:05,349 [WARN] PackLoader:240 - Cannot read IP mode file for STMicroelectronics.X-CUBE-AZRTOS-WL.1.0.0
2023-04-04 19:17:05,378 [WARN] PackLoader:240 - Cannot read IP mode file for portGmbH.I-Cube-SoM-uGOAL.1.1.0
2023-04-04 19:17:05,457 [WARN] PackLoader:240 - Cannot read IP mode file for STMicroelectronics.X-CUBE-ALS.1.0.1
2023-04-04 19:17:05,571 [WARN] PackLoader:240 - Cannot read IP mode file for STMicroelectronics.X-CUBE-MEMS1.9.5.0
2023-04-04 19:17:05,958 [WARN] PackLoader:240 - Cannot read IP mode file for STMicroelectronics.X-CUBE-AZRTOS-WB.1.1.0
2023-04-04 19:17:06,058 [WARN] PackLoader:240 - Cannot read IP mode file for SEGGER.I-CUBE-embOS.1.3.1
2023-04-04 19:17:06,146 [INFO] ThirdParty:978 - Integrity check success = true
2023-04-04 19:17:06,146 [INFO] IntegrityCheckThread:100 - exiting critical section [integrity check]
2023-04-04 19:17:06,146 [INFO] IntegrityCheckThread:103 - End integrity checks thread
2023-04-04 19:17:06,146 [INFO] ThirdParty:873 - entering critical section [close project]
2023-04-04 19:17:06,149 [INFO] ThirdParty:883 - exiting critical section [close project]
2023-04-04 19:17:06,158 [INFO] PinOutPanel:1499 - setPackage(No Configuration,No Configuration)
2023-04-04 19:17:06,173 [INFO] UtilMem:75 - Begin LoadConfig() Used Memory: 181017416 Bytes (268435456)
